<?xml version="1.0" encoding="UTF-8"?>
<testng-results ignored="0" total="1" passed="1" failed="0" skipped="0">
  <reporter-output>
  </reporter-output>
  <suite started-at="2024-03-16T11:57:24 IST" name="Default suite" finished-at="2024-03-16T11:57:36 IST" duration-ms="11868">
    <groups>
    </groups>
    <test started-at="2024-03-16T11:57:24 IST" name="Default test" finished-at="2024-03-16T11:57:36 IST" duration-ms="11868">
      <class name="basic_Jenkins1.OrganisationsTest">
        <test-method signature="createOrganisationsTest()[pri:0, instance:basic_Jenkins1.OrganisationsTest@55536d9e]" started-at="2024-03-16T11:57:24 IST" name="createOrganisationsTest" finished-at="2024-03-16T11:57:36 IST" duration-ms="11837" status="PASS">
          <reporter-output>
          </reporter-output>
        </test-method> <!-- createOrganisationsTest -->
      </class> <!-- basic_Jenkins1.OrganisationsTest -->
    </test> <!-- Default test -->
  </suite> <!-- Default suite -->
</testng-results>
